tensorflow 1.13.1 has requirement tensorboard<1.14.0,>=1.13.0, but you'll have tensorboard 2.0.2 which is incompatible.
tensorflow 1.13.1 has requirement tensorflow-estimator<1.14.0rc0,>=1.13.0, but you'll have tensorflow-estimator 2.0.1 which is incompatible.
tensorboard 2.0.2 has requirement grpcio>=1.24.3, but you'll have grpcio 1.19.0 which is incompatible.
tensorboard 2.0.2 has requirement setuptools>=41.0.0, but you'll have setuptools 40.8.0 which is incompatible.
You are using pip version 19.0.3, however version 20.0.2 is available.
You should consider upgrading via the 'pip install --upgrade pip' command.
WARNING: Logging before flag parsing goes to stderr.
W0204 22:46:13.849928 47085517953472 deprecation.py:323] From /home/z5114185/thesis/undergrad/bestYet/pyEnv/lib/python3.7/site-packages/tensorflow_core/python/compat/v2_compat.py:65: disable_resource_variables (from tensorflow.python.ops.variable_scope) is deprecated and will be removed in a future version.
Instructions for updating:
non-resource variables are not supported in the long term
2020-02-04 22:46:36.807713: I tensorflow/stream_executor/platform/default/dso_loader.cc:44] Successfully opened dynamic library libcuda.so.1
2020-02-04 22:46:36.848832: I tensorflow/core/common_runtime/gpu/gpu_device.cc:1618] Found device 0 with properties: 
name: Tesla V100-SXM2-32GB major: 7 minor: 0 memoryClockRate(GHz): 1.53
pciBusID: 0000:18:00.0
2020-02-04 22:46:36.849788: W tensorflow/stream_executor/platform/default/dso_loader.cc:55] Could not load dynamic library 'libcudart.so.10.0'; dlerror: libcudart.so.10.0: cannot open shared object file: No such file or directory; LD_LIBRARY_PATH: /apps/python/3.7.3/lib
2020-02-04 22:46:36.850496: W tensorflow/stream_executor/platform/default/dso_loader.cc:55] Could not load dynamic library 'libcublas.so.10.0'; dlerror: libcublas.so.10.0: cannot open shared object file: No such file or directory; LD_LIBRARY_PATH: /apps/python/3.7.3/lib
2020-02-04 22:46:36.851131: W tensorflow/stream_executor/platform/default/dso_loader.cc:55] Could not load dynamic library 'libcufft.so.10.0'; dlerror: libcufft.so.10.0: cannot open shared object file: No such file or directory; LD_LIBRARY_PATH: /apps/python/3.7.3/lib
2020-02-04 22:46:36.851740: W tensorflow/stream_executor/platform/default/dso_loader.cc:55] Could not load dynamic library 'libcurand.so.10.0'; dlerror: libcurand.so.10.0: cannot open shared object file: No such file or directory; LD_LIBRARY_PATH: /apps/python/3.7.3/lib
2020-02-04 22:46:36.852291: W tensorflow/stream_executor/platform/default/dso_loader.cc:55] Could not load dynamic library 'libcusolver.so.10.0'; dlerror: libcusolver.so.10.0: cannot open shared object file: No such file or directory; LD_LIBRARY_PATH: /apps/python/3.7.3/lib
2020-02-04 22:46:36.852806: W tensorflow/stream_executor/platform/default/dso_loader.cc:55] Could not load dynamic library 'libcusparse.so.10.0'; dlerror: libcusparse.so.10.0: cannot open shared object file: No such file or directory; LD_LIBRARY_PATH: /apps/python/3.7.3/lib
2020-02-04 22:46:36.853325: W tensorflow/stream_executor/platform/default/dso_loader.cc:55] Could not load dynamic library 'libcudnn.so.7'; dlerror: libcudnn.so.7: cannot open shared object file: No such file or directory; LD_LIBRARY_PATH: /apps/python/3.7.3/lib
2020-02-04 22:46:36.853339: W tensorflow/core/common_runtime/gpu/gpu_device.cc:1641] Cannot dlopen some GPU libraries. Please make sure the missing libraries mentioned above are installed properly if you would like to use GPU. Follow the guide at https://www.tensorflow.org/install/gpu for how to download and setup the required libraries for your platform.
Skipping registering GPU devices...
2020-02-04 22:46:36.854041: I tensorflow/core/platform/cpu_feature_guard.cc:142] Your CPU supports instructions that this TensorFlow binary was not compiled to use: AVX2 AVX512F FMA
2020-02-04 22:46:36.863021: I tensorflow/core/platform/profile_utils/cpu_utils.cc:94] CPU Frequency: 2100000000 Hz
2020-02-04 22:46:36.863600: I tensorflow/compiler/xla/service/service.cc:168] XLA service 0x525ddf0 executing computations on platform Host. Devices:
2020-02-04 22:46:36.863629: I tensorflow/compiler/xla/service/service.cc:175]   StreamExecutor device (0): Host, Default Version
2020-02-04 22:46:37.012203: I tensorflow/compiler/xla/service/service.cc:168] XLA service 0x52e13b0 executing computations on platform CUDA. Devices:
2020-02-04 22:46:37.012244: I tensorflow/compiler/xla/service/service.cc:175]   StreamExecutor device (0): Tesla V100-SXM2-32GB, Compute Capability 7.0
2020-02-04 22:46:37.012359: I tensorflow/core/common_runtime/gpu/gpu_device.cc:1159] Device interconnect StreamExecutor with strength 1 edge matrix:
2020-02-04 22:46:37.012370: I tensorflow/core/common_runtime/gpu/gpu_device.cc:1165]      
W0204 22:46:37.018952 47085517953472 deprecation.py:506] From train.py:182: calling argmax (from tensorflow.python.ops.math_ops) with dimension is deprecated and will be removed in a future version.
Instructions for updating:
Use the `axis` argument instead
W0204 22:46:37.100832 47085517953472 deprecation.py:323] From train.py:216: softmax_cross_entropy_with_logits (from tensorflow.python.ops.nn_ops) is deprecated and will be removed in a future version.
Instructions for updating:

Future major versions of TensorFlow will allow gradients to flow
into the labels input on backprop by default.

See `tf.nn.softmax_cross_entropy_with_logits_v2`.

